2011-09-16T09:53:39+00:00 INFO (6): Id=1
2011-09-16T09:57:49+00:00 INFO (6): Id=
2011-09-16T09:58:30+00:00 INFO (6): Id=
2011-09-16T09:58:32+00:00 INFO (6): Id=
2011-09-16T09:58:33+00:00 INFO (6): Id=
2011-09-16T09:58:50+00:00 INFO (6): Id=
2011-09-16T09:58:54+00:00 INFO (6): Id=
2011-09-16T10:01:13+00:00 INFO (6): Id=
2011-09-16T10:01:26+00:00 INFO (6): Id=1
2011-09-16T10:03:15+00:00 INFO (6): Id=
2011-09-16T10:03:18+00:00 INFO (6): Id=
2011-09-16T10:03:29+00:00 INFO (6): Id=
2011-09-16T10:03:45+00:00 INFO (6): Id=
2011-09-16T10:03:46+00:00 INFO (6): Id=
2011-09-16T10:03:46+00:00 INFO (6): Id=
2011-09-16T10:03:46+00:00 INFO (6): Id=
2011-09-16T10:04:13+00:00 INFO (6): Id=
2011-09-16T10:04:14+00:00 INFO (6): Id=
2011-09-16T10:04:15+00:00 INFO (6): Id=
2011-09-16T10:04:16+00:00 INFO (6): Id=
2011-09-16T10:04:29+00:00 INFO (6): Id=
2011-09-16T10:04:31+00:00 INFO (6): Id=
2011-09-16T10:04:34+00:00 INFO (6): Id=
2011-09-16T10:04:35+00:00 INFO (6): Id=
2011-09-16T10:04:35+00:00 INFO (6): Id=
2011-09-16T10:04:37+00:00 INFO (6): Id=
2011-09-16T10:04:45+00:00 INFO (6): Id=
2011-09-16T10:04:47+00:00 INFO (6): Id=
2011-09-16T10:04:47+00:00 INFO (6): Id=
2011-09-16T10:04:49+00:00 INFO (6): Id=
2011-09-16T10:04:50+00:00 INFO (6): Id=
2011-09-16T10:05:22+00:00 INFO (6): Id=
2011-09-16T10:06:15+00:00 INFO (6): Id=
2011-09-16T10:07:02+00:00 INFO (6): Id=
2011-09-16T10:07:11+00:00 INFO (6): Id=
2011-09-16T10:08:11+00:00 INFO (6): Id=
2011-09-16T10:08:15+00:00 INFO (6): Id=
2011-09-16T10:08:19+00:00 INFO (6): Id=
2011-09-16T10:08:30+00:00 INFO (6): Id=
2011-09-16T10:09:51+00:00 INFO (6): Id=
2011-09-16T10:10:07+00:00 INFO (6): Id=
2011-09-16T10:10:37+00:00 INFO (6): Id=
2011-09-16T10:12:04+00:00 INFO (6): Id=
2011-09-16T10:12:48+00:00 INFO (6): Id=
2011-09-16T10:19:50+00:00 INFO (6): Id=
2011-09-16T10:19:51+00:00 INFO (6): Id=
2011-09-16T10:19:51+00:00 INFO (6): Id=
2011-09-16T10:19:51+00:00 INFO (6): Id=
2011-09-16T10:20:24+00:00 INFO (6): Id=
2011-09-16T10:20:24+00:00 INFO (6): Id=
2011-09-16T10:20:24+00:00 INFO (6): Id=
2011-09-16T10:20:24+00:00 INFO (6): Id=
2011-09-16T10:22:48+00:00 INFO (6): Id=
2011-09-16T10:22:54+00:00 INFO (6): Id=
2011-09-16T10:22:55+00:00 INFO (6): Id=
2011-09-16T10:22:55+00:00 INFO (6): Id=
2011-09-16T10:22:59+00:00 INFO (6): Id=
2011-09-16T10:23:52+00:00 INFO (6): Id=
2011-09-16T10:23:53+00:00 INFO (6): Id=
2011-09-16T10:23:53+00:00 INFO (6): Id=
2011-09-16T10:26:53+00:00 INFO (6): Id=
2011-09-16T10:27:39+00:00 INFO (6): Id=
2011-09-16T10:27:44+00:00 INFO (6): Id=
2011-09-16T10:28:10+00:00 INFO (6): Id=
2011-09-16T10:28:21+00:00 INFO (6): Id=
2011-09-16T10:29:37+00:00 INFO (6): Id=
2011-09-16T10:30:00+00:00 INFO (6): Id=
2011-09-16T10:32:35+00:00 INFO (6): Id=
2011-09-16T10:33:02+00:00 INFO (6): Id=
2011-09-16T10:33:53+00:00 INFO (6): Id=
2011-09-16T10:34:07+00:00 INFO (6): Id=
2011-09-16T10:35:04+00:00 INFO (6): Id=
2011-09-16T11:28:04+00:00 INFO (6): Id=
2011-09-16T11:28:32+00:00 INFO (6): Id=
2011-09-16T11:30:51+00:00 INFO (6): Id=
2011-09-16T11:32:08+00:00 INFO (6): Id=
2011-09-16T11:32:34+00:00 INFO (6): Id=
2011-09-16T11:48:11+00:00 INFO (6): Id=
2011-09-16T11:52:55+00:00 INFO (6): Id=
2011-09-16T11:53:39+00:00 INFO (6): Id=
2011-09-16T12:16:57+00:00 INFO (6): Id=
2011-09-16T12:28:04+00:00 INFO (6): Id=
2011-09-16T12:33:54+00:00 INFO (6): Id=
2011-09-16T12:35:09+00:00 INFO (6): Id=
2011-09-16T13:24:43+00:00 INFO (6): Id=
2011-09-16T14:16:18+00:00 INFO (6): Id=
2011-11-15T13:09:41+00:00 INFO (6): Id=
2011-11-15T13:10:16+00:00 INFO (6): Id=
2011-11-21T09:49:30+00:00 INFO (6): we are in index action
2011-11-21T09:49:30+00:00 INFO (6): we are in index action ID=Array
2011-11-21T09:49:30+00:00 INFO (6): query string   
2011-11-21T09:50:27+00:00 INFO (6): we are in index action
2011-11-21T09:50:27+00:00 INFO (6): we are in index action ID=Array
2011-11-21T09:50:27+00:00 INFO (6): query string   
2011-11-21T09:51:53+00:00 INFO (6): we are in index action
2011-11-21T09:51:53+00:00 INFO (6): we are in index action ID=Array
2011-11-21T09:51:53+00:00 INFO (6): query string   
2011-11-21T09:56:08+00:00 INFO (6): we are in index action
2011-11-21T09:56:08+00:00 INFO (6): we are in index action ID=Array
2011-11-21T09:56:08+00:00 INFO (6): query string   
2011-11-21T09:56:23+00:00 INFO (6): we are in index action
2011-11-21T09:56:23+00:00 INFO (6): we are in index action ID=Array
2011-11-21T09:56:23+00:00 INFO (6): query string   
2011-11-21T10:01:52+00:00 INFO (6): we are in index action
2011-11-21T10:01:52+00:00 INFO (6): we are in index action ID=Array
2011-11-21T10:01:52+00:00 INFO (6): query string   
2011-11-21T10:02:15+00:00 INFO (6): we are in index action
2011-11-21T10:02:15+00:00 INFO (6): we are in index action ID=Array
2011-11-21T10:02:15+00:00 INFO (6): query string   
2011-11-21T10:05:00+00:00 INFO (6): we are in index action
2011-11-21T10:05:00+00:00 INFO (6): we are in index action ID=Array
2011-11-21T10:05:00+00:00 INFO (6): query string   
2011-11-21T10:05:39+00:00 INFO (6): we are in index action
2011-11-21T10:05:39+00:00 INFO (6): we are in index action ID=Array
2011-11-21T10:05:39+00:00 INFO (6): query string   
2011-11-21T10:06:16+00:00 INFO (6): we are in index action
2011-11-21T10:06:16+00:00 INFO (6): we are in index action ID=Array
2011-11-21T10:06:16+00:00 INFO (6): query string   
2011-11-21T10:06:37+00:00 INFO (6): we are in index action
2011-11-21T10:06:37+00:00 INFO (6): we are in index action ID=Array
2011-11-21T10:06:37+00:00 INFO (6): query string   
2011-11-21T10:09:42+00:00 INFO (6): we are in index action
2011-11-21T10:09:42+00:00 INFO (6): we are in index action ID=Array
2011-11-21T10:09:42+00:00 INFO (6): query string   
2011-11-21T10:24:24+00:00 INFO (6): we are in index action
2011-11-21T10:24:24+00:00 INFO (6): we are in index action ID=Array
2011-11-21T10:24:24+00:00 INFO (6): query string   
2011-11-21T10:27:52+00:00 INFO (6): we are in index action
2011-11-21T10:27:52+00:00 INFO (6): we are in index action ID=Array
2011-11-21T10:27:52+00:00 INFO (6): query string   
2011-11-21T10:28:23+00:00 INFO (6): we are in index action
2011-11-21T10:28:23+00:00 INFO (6): we are in index action ID=Array
2011-11-21T10:28:23+00:00 INFO (6): query string   
2011-11-21T10:33:35+00:00 INFO (6): we are in index action
2011-11-21T10:33:35+00:00 INFO (6): we are in index action ID=Array
2011-11-21T10:33:35+00:00 INFO (6): query string   
2011-11-21T10:34:03+00:00 INFO (6): we are in index action
2011-11-21T10:34:03+00:00 INFO (6): we are in index action ID=Array
2011-11-21T10:34:03+00:00 INFO (6): query string   
2011-11-21T10:34:15+00:00 INFO (6): we are in index action
2011-11-21T10:34:15+00:00 INFO (6): we are in index action ID=Array
2011-11-21T10:34:15+00:00 INFO (6): query string   
2011-11-21T10:35:01+00:00 INFO (6): we are in index action
2011-11-21T10:35:01+00:00 INFO (6): we are in index action ID=Array
2011-11-21T10:35:01+00:00 INFO (6): query string   
2011-11-21T12:15:40+00:00 INFO (6): we are in index action
2011-11-21T12:15:40+00:00 INFO (6): we are in index action ID=Array
2011-11-21T12:15:40+00:00 INFO (6): query string   
2011-11-21T12:17:22+00:00 INFO (6): we are in index action
2011-11-21T12:17:22+00:00 INFO (6): we are in index action ID=Array
2011-11-21T12:17:22+00:00 INFO (6): query string   
2011-11-21T12:18:20+00:00 INFO (6): we are in index action
2011-11-21T12:18:20+00:00 INFO (6): we are in index action ID=Array
2011-11-21T12:18:20+00:00 INFO (6): query string   
2011-11-21T12:18:58+00:00 INFO (6): we are in index action
2011-11-21T12:18:58+00:00 INFO (6): we are in index action ID=Array
2011-11-21T12:18:58+00:00 INFO (6): query string   
2011-11-21T12:19:21+00:00 INFO (6): we are in index action
2011-11-21T12:19:21+00:00 INFO (6): we are in index action ID=Array
2011-11-21T12:19:21+00:00 INFO (6): query string   
2011-11-21T12:20:11+00:00 INFO (6): we are in index action
2011-11-21T12:20:11+00:00 INFO (6): we are in index action ID=Array
2011-11-21T12:20:11+00:00 INFO (6): query string   
2011-11-21T12:20:50+00:00 INFO (6): we are in index action
2011-11-21T12:20:50+00:00 INFO (6): we are in index action ID=Array
2011-11-21T12:20:50+00:00 INFO (6): query string   
2011-11-21T12:23:55+00:00 INFO (6): we are in index action
2011-11-21T12:23:55+00:00 INFO (6): we are in index action ID=Array
2011-11-21T12:23:55+00:00 INFO (6): query string   
2011-11-21T12:23:56+00:00 INFO (6): we are in index action
2011-11-21T12:23:56+00:00 INFO (6): we are in index action ID=Array
2011-11-21T12:23:56+00:00 INFO (6): query string   
2011-11-21T12:23:56+00:00 INFO (6): we are in index action
2011-11-21T12:23:56+00:00 INFO (6): we are in index action ID=Array
2011-11-21T12:23:56+00:00 INFO (6): query string   
2011-11-21T12:23:56+00:00 INFO (6): we are in index action
2011-11-21T12:23:56+00:00 INFO (6): we are in index action ID=Array
2011-11-21T12:23:56+00:00 INFO (6): query string   
2011-11-21T12:23:56+00:00 INFO (6): we are in index action
2011-11-21T12:23:56+00:00 INFO (6): we are in index action ID=Array
2011-11-21T12:23:56+00:00 INFO (6): query string   
2011-11-21T12:23:56+00:00 INFO (6): we are in index action
2011-11-21T12:23:56+00:00 INFO (6): we are in index action ID=Array
2011-11-21T12:23:56+00:00 INFO (6): query string   
2011-11-21T12:23:56+00:00 INFO (6): we are in index action
2011-11-21T12:23:56+00:00 INFO (6): we are in index action ID=Array
2011-11-21T12:23:56+00:00 INFO (6): query string   
2011-11-21T12:23:56+00:00 INFO (6): we are in index action
2011-11-21T12:23:56+00:00 INFO (6): we are in index action ID=Array
2011-11-21T12:23:56+00:00 INFO (6): query string   
2011-11-21T12:23:56+00:00 INFO (6): we are in index action
2011-11-21T12:23:56+00:00 INFO (6): we are in index action ID=Array
2011-11-21T12:23:56+00:00 INFO (6): query string   
2011-11-21T12:23:56+00:00 INFO (6): we are in index action
2011-11-21T12:23:56+00:00 INFO (6): we are in index action ID=Array
2011-11-21T12:23:56+00:00 INFO (6): query string   
2011-11-21T12:23:56+00:00 INFO (6): we are in index action
2011-11-21T12:23:56+00:00 INFO (6): we are in index action ID=Array
2011-11-21T12:23:56+00:00 INFO (6): query string   
2011-11-21T12:23:57+00:00 INFO (6): we are in index action
2011-11-21T12:23:57+00:00 INFO (6): we are in index action ID=Array
2011-11-21T12:23:57+00:00 INFO (6): query string   
2011-11-21T12:23:57+00:00 INFO (6): we are in index action
2011-11-21T12:23:57+00:00 INFO (6): we are in index action ID=Array
2011-11-21T12:23:57+00:00 INFO (6): query string   
2011-11-21T12:23:57+00:00 INFO (6): we are in index action
2011-11-21T12:23:57+00:00 INFO (6): we are in index action ID=Array
2011-11-21T12:23:57+00:00 INFO (6): query string   
2011-11-21T12:23:57+00:00 INFO (6): we are in index action
2011-11-21T12:23:57+00:00 INFO (6): we are in index action ID=Array
2011-11-21T12:23:57+00:00 INFO (6): query string   
2011-11-21T12:23:57+00:00 INFO (6): we are in index action
2011-11-21T12:23:57+00:00 INFO (6): we are in index action ID=Array
2011-11-21T12:23:57+00:00 INFO (6): query string   
2011-11-21T12:23:57+00:00 INFO (6): we are in index action
2011-11-21T12:23:57+00:00 INFO (6): we are in index action ID=Array
2011-11-21T12:23:57+00:00 INFO (6): query string   
2011-11-21T12:23:57+00:00 INFO (6): we are in index action
2011-11-21T12:23:57+00:00 INFO (6): we are in index action ID=Array
2011-11-21T12:23:57+00:00 INFO (6): query string   
2011-11-21T12:23:57+00:00 INFO (6): we are in index action
2011-11-21T12:23:57+00:00 INFO (6): we are in index action ID=Array
2011-11-21T12:23:57+00:00 INFO (6): query string   
2011-11-21T12:23:57+00:00 INFO (6): we are in index action
2011-11-21T12:23:57+00:00 INFO (6): we are in index action ID=Array
2011-11-21T12:23:57+00:00 INFO (6): query string   
2011-11-21T12:23:57+00:00 INFO (6): we are in index action
2011-11-21T12:23:57+00:00 INFO (6): we are in index action ID=Array
2011-11-21T12:23:57+00:00 INFO (6): query string   
2011-11-21T12:24:27+00:00 INFO (6): we are in index action
2011-11-21T12:24:27+00:00 INFO (6): we are in index action ID=Array
2011-11-21T12:24:27+00:00 INFO (6): query string   
2011-11-22T02:51:46+00:00 INFO (6): we are in index action
2011-11-22T02:51:46+00:00 INFO (6): we are in index action ID=Array
2011-11-22T02:51:46+00:00 INFO (6): query string   
2011-11-22T02:52:04+00:00 INFO (6): we are in index action
2011-11-22T02:52:04+00:00 INFO (6): we are in index action ID=Array
2011-11-22T02:52:04+00:00 INFO (6): query string   
2011-11-22T02:52:30+00:00 INFO (6): we are in index action
2011-11-22T02:52:30+00:00 INFO (6): we are in index action ID=Array
2011-11-22T02:52:30+00:00 INFO (6): query string   
2011-11-22T03:10:28+00:00 INFO (6): we are in index action
2011-11-22T03:10:28+00:00 INFO (6): we are in index action ID=Array
2011-11-22T03:10:28+00:00 INFO (6): query string   
